imagepicker/build/intermediates/manifest_merge_blame_file/debug/manifest-merger-blame-debug-report.txt
1<?xml version="1.0" encoding="utf-8"?>
2<manifest xmlns:android="http://schemas.android.com/apk/res/android"
3    package="com.github.chiragjasani105.imagepicker" >
4
5    <uses-sdk
6        android:minSdkVersion="19"
6-->src\main\AndroidManifest.xml
7        android:targetSdkVersion="33" />
7-->src\main\AndroidManifest.xml
8
9    <queries>
9-->src\main\AndroidManifest.xml:30:5-39:15
10
11        <!-- Query Camera Packages -->
12        <intent>
12-->src\main\AndroidManifest.xml:32:9-34:18
13            <action android:name="android.media.action.IMAGE_CAPTURE" />
13-->src\main\AndroidManifest.xml:33:13-73
13-->src\main\AndroidManifest.xml:33:21-70
14        </intent>
15        <!-- Query Open Document -->
16        <intent>
16-->src\main\AndroidManifest.xml:36:9-38:18
17            <action android:name="android.intent.action.OPEN_DOCUMENT_TREE" />
17-->src\main\AndroidManifest.xml:37:13-79
17-->src\main\AndroidManifest.xml:37:21-76
18        </intent>
19    </queries>
20
21    <application>
21-->src\main\AndroidManifest.xml:4:5-28:19
22        <activity
22-->src\main\AndroidManifest.xml:6:9-9:68
23            android:name="com.github.chiragjasani105.imagepicker.ImagePickerActivity"
23-->src\main\AndroidManifest.xml:7:13-86
24            android:screenOrientation="unspecified"
24-->src\main\AndroidManifest.xml:8:13-52
25            android:theme="@style/Theme.Transparent.ImagePicker" />
25-->src\main\AndroidManifest.xml:9:13-65
26        <activity
26-->src\main\AndroidManifest.xml:11:9-14:72
27            android:name="com.yalantis.ucrop.UCropActivity"
27-->src\main\AndroidManifest.xml:12:13-60
28            android:screenOrientation="portrait"
28-->src\main\AndroidManifest.xml:13:13-49
29            android:theme="@style/Theme.AppCompat.Light.NoActionBar" />
29-->src\main\AndroidManifest.xml:14:13-69
30
31        <provider
31-->src\main\AndroidManifest.xml:16:9-26:20
32            android:name="com.github.chiragjasani105.imagepicker.ImagePickerFileProvider"
32-->src\main\AndroidManifest.xml:17:13-90
33            android:authorities="${applicationId}.imagepicker.provider"
33-->src\main\AndroidManifest.xml:18:13-72
34            android:exported="false"
34-->src\main\AndroidManifest.xml:19:13-37
35            android:grantUriPermissions="true" >
35-->src\main\AndroidManifest.xml:20:13-47
36            <meta-data
36-->src\main\AndroidManifest.xml:22:13-24:71
37                android:name="android.support.FILE_PROVIDER_PATHS"
37-->src\main\AndroidManifest.xml:23:17-67
38                android:resource="@xml/image_picker_provider_paths" />
38-->src\main\AndroidManifest.xml:24:17-68
39        </provider>
40    </application>
41
42</manifest>